c:\users\bakad\desktop\kdrucia1.3\assignments\bin\x64\release\ray\ray.pdb
c:\users\bakad\desktop\kdrucia1.3\assignments\bin\x64\release\ray\shapelist.todo.obj
c:\users\bakad\desktop\kdrucia1.3\assignments\bin\x64\release\ray\shapelist.obj
c:\users\bakad\desktop\kdrucia1.3\assignments\bin\x64\release\ray\shape.obj
c:\users\bakad\desktop\kdrucia1.3\assignments\bin\x64\release\ray\scene.todo.obj
c:\users\bakad\desktop\kdrucia1.3\assignments\bin\x64\release\ray\scene.obj
c:\users\bakad\desktop\kdrucia1.3\assignments\bin\x64\release\ray\pointlight.todo.obj
c:\users\bakad\desktop\kdrucia1.3\assignments\bin\x64\release\ray\pointlight.obj
c:\users\bakad\desktop\kdrucia1.3\assignments\bin\x64\release\ray\mouse.obj
c:\users\bakad\desktop\kdrucia1.3\assignments\bin\x64\release\ray\glslprogram.obj
c:\users\bakad\desktop\kdrucia1.3\assignments\bin\x64\release\ray\fileinstance.obj
c:\users\bakad\desktop\kdrucia1.3\assignments\bin\x64\release\ray\directionallight.todo.obj
c:\users\bakad\desktop\kdrucia1.3\assignments\bin\x64\release\ray\directionallight.obj
c:\users\bakad\desktop\kdrucia1.3\assignments\bin\x64\release\ray\cylinder.todo.obj
c:\users\bakad\desktop\kdrucia1.3\assignments\bin\x64\release\ray\cylinder.obj
c:\users\bakad\desktop\kdrucia1.3\assignments\bin\x64\release\ray\cone.todo.obj
c:\users\bakad\desktop\kdrucia1.3\assignments\bin\x64\release\ray\cone.obj
c:\users\bakad\desktop\kdrucia1.3\assignments\bin\x64\release\ray\camera.todo.obj
c:\users\bakad\desktop\kdrucia1.3\assignments\bin\x64\release\ray\camera.obj
c:\users\bakad\desktop\kdrucia1.3\assignments\bin\x64\release\ray\box.todo.obj
c:\users\bakad\desktop\kdrucia1.3\assignments\bin\x64\release\ray\box.obj
c:\users\bakad\desktop\kdrucia1.3\assignments\bin\x64\release\ray\window.obj
c:\users\bakad\desktop\kdrucia1.3\assignments\bin\x64\release\ray\triangle.todo.obj
c:\users\bakad\desktop\kdrucia1.3\assignments\bin\x64\release\ray\triangle.obj
c:\users\bakad\desktop\kdrucia1.3\assignments\bin\x64\release\ray\torus.todo.obj
c:\users\bakad\desktop\kdrucia1.3\assignments\bin\x64\release\ray\torus.obj
c:\users\bakad\desktop\kdrucia1.3\assignments\bin\x64\release\ray\spotlight.todo.obj
c:\users\bakad\desktop\kdrucia1.3\assignments\bin\x64\release\ray\spotlight.obj
c:\users\bakad\desktop\kdrucia1.3\assignments\bin\x64\release\ray\sphere.todo.obj
c:\users\bakad\desktop\kdrucia1.3\assignments\bin\x64\release\ray\sphere.obj
c:\users\bakad\desktop\kdrucia1.3\assignments\ray.lib
c:\users\bakad\desktop\kdrucia1.3\assignments\bin\x64\release\ray\.\ray.pdb
c:\users\bakad\desktop\kdrucia1.3\assignments\.\ray.lib
c:\users\bakad\desktop\kdrucia1.3\assignments\bin\x64\release\ray\ray.tlog\cl.command.1.tlog
c:\users\bakad\desktop\kdrucia1.3\assignments\bin\x64\release\ray\ray.tlog\cl.read.1.tlog
c:\users\bakad\desktop\kdrucia1.3\assignments\bin\x64\release\ray\ray.tlog\cl.write.1.tlog
c:\users\bakad\desktop\kdrucia1.3\assignments\bin\x64\release\ray\ray.tlog\lib-link.read.1.tlog
c:\users\bakad\desktop\kdrucia1.3\assignments\bin\x64\release\ray\ray.tlog\lib-link.write.1.tlog
c:\users\bakad\desktop\kdrucia1.3\assignments\bin\x64\release\ray\ray.tlog\lib.command.1.tlog
