c:\users\bakad\desktop\kdrucia1.3\assignments\bin\x64\release\jpeg\jpeg.pdb
c:\users\bakad\desktop\kdrucia1.3\assignments\bin\x64\release\jpeg\jdatadst.obj
c:\users\bakad\desktop\kdrucia1.3\assignments\bin\x64\release\jpeg\jdapistd.obj
c:\users\bakad\desktop\kdrucia1.3\assignments\bin\x64\release\jpeg\jdapimin.obj
c:\users\bakad\desktop\kdrucia1.3\assignments\bin\x64\release\jpeg\jctrans.obj
c:\users\bakad\desktop\kdrucia1.3\assignments\bin\x64\release\jpeg\jcsample.obj
c:\users\bakad\desktop\kdrucia1.3\assignments\bin\x64\release\jpeg\jcprepct.obj
c:\users\bakad\desktop\kdrucia1.3\assignments\bin\x64\release\jpeg\jcphuff.obj
c:\users\bakad\desktop\kdrucia1.3\assignments\bin\x64\release\jpeg\jcparam.obj
c:\users\bakad\desktop\kdrucia1.3\assignments\bin\x64\release\jpeg\jcomapi.obj
c:\users\bakad\desktop\kdrucia1.3\assignments\bin\x64\release\jpeg\jcmaster.obj
c:\users\bakad\desktop\kdrucia1.3\assignments\bin\x64\release\jpeg\jcmarker.obj
c:\users\bakad\desktop\kdrucia1.3\assignments\bin\x64\release\jpeg\jcmainct.obj
c:\users\bakad\desktop\kdrucia1.3\assignments\bin\x64\release\jpeg\jcinit.obj
c:\users\bakad\desktop\kdrucia1.3\assignments\bin\x64\release\jpeg\jchuff.obj
c:\users\bakad\desktop\kdrucia1.3\assignments\bin\x64\release\jpeg\jcdctmgr.obj
c:\users\bakad\desktop\kdrucia1.3\assignments\bin\x64\release\jpeg\jccolor.obj
c:\users\bakad\desktop\kdrucia1.3\assignments\bin\x64\release\jpeg\jccoefct.obj
c:\users\bakad\desktop\kdrucia1.3\assignments\bin\x64\release\jpeg\jcapistd.obj
c:\users\bakad\desktop\kdrucia1.3\assignments\bin\x64\release\jpeg\jcapimin.obj
c:\users\bakad\desktop\kdrucia1.3\assignments\bin\x64\release\jpeg\ckconfig.obj
c:\users\bakad\desktop\kdrucia1.3\assignments\bin\x64\release\jpeg\jidctfst.obj
c:\users\bakad\desktop\kdrucia1.3\assignments\bin\x64\release\jpeg\jidctflt.obj
c:\users\bakad\desktop\kdrucia1.3\assignments\bin\x64\release\jpeg\jfdctint.obj
c:\users\bakad\desktop\kdrucia1.3\assignments\bin\x64\release\jpeg\jfdctfst.obj
c:\users\bakad\desktop\kdrucia1.3\assignments\bin\x64\release\jpeg\jfdctflt.obj
c:\users\bakad\desktop\kdrucia1.3\assignments\bin\x64\release\jpeg\jerror.obj
c:\users\bakad\desktop\kdrucia1.3\assignments\bin\x64\release\jpeg\jdtrans.obj
c:\users\bakad\desktop\kdrucia1.3\assignments\bin\x64\release\jpeg\jdsample.obj
c:\users\bakad\desktop\kdrucia1.3\assignments\bin\x64\release\jpeg\jdpostct.obj
c:\users\bakad\desktop\kdrucia1.3\assignments\bin\x64\release\jpeg\jdphuff.obj
c:\users\bakad\desktop\kdrucia1.3\assignments\bin\x64\release\jpeg\jdmerge.obj
c:\users\bakad\desktop\kdrucia1.3\assignments\bin\x64\release\jpeg\jdmaster.obj
c:\users\bakad\desktop\kdrucia1.3\assignments\bin\x64\release\jpeg\jdmarker.obj
c:\users\bakad\desktop\kdrucia1.3\assignments\bin\x64\release\jpeg\jdmainct.obj
c:\users\bakad\desktop\kdrucia1.3\assignments\bin\x64\release\jpeg\jdinput.obj
c:\users\bakad\desktop\kdrucia1.3\assignments\bin\x64\release\jpeg\jdhuff.obj
c:\users\bakad\desktop\kdrucia1.3\assignments\bin\x64\release\jpeg\jddctmgr.obj
c:\users\bakad\desktop\kdrucia1.3\assignments\bin\x64\release\jpeg\jdcolor.obj
c:\users\bakad\desktop\kdrucia1.3\assignments\bin\x64\release\jpeg\jdcoefct.obj
c:\users\bakad\desktop\kdrucia1.3\assignments\bin\x64\release\jpeg\jdatasrc.obj
c:\users\bakad\desktop\kdrucia1.3\assignments\bin\x64\release\jpeg\jutils.obj
c:\users\bakad\desktop\kdrucia1.3\assignments\bin\x64\release\jpeg\jquant2.obj
c:\users\bakad\desktop\kdrucia1.3\assignments\bin\x64\release\jpeg\jquant1.obj
c:\users\bakad\desktop\kdrucia1.3\assignments\bin\x64\release\jpeg\jmemnobs.obj
c:\users\bakad\desktop\kdrucia1.3\assignments\bin\x64\release\jpeg\jmemmgr.obj
c:\users\bakad\desktop\kdrucia1.3\assignments\bin\x64\release\jpeg\jidctred.obj
c:\users\bakad\desktop\kdrucia1.3\assignments\bin\x64\release\jpeg\jidctint.obj
c:\users\bakad\desktop\kdrucia1.3\assignments\jpeg.lib
c:\users\bakad\desktop\kdrucia1.3\assignments\bin\x64\release\jpeg\.\jpeg.pdb
c:\users\bakad\desktop\kdrucia1.3\assignments\.\jpeg.lib
c:\users\bakad\desktop\kdrucia1.3\assignments\bin\x64\release\jpeg\jpeg.tlog\cl.command.1.tlog
c:\users\bakad\desktop\kdrucia1.3\assignments\bin\x64\release\jpeg\jpeg.tlog\cl.read.1.tlog
c:\users\bakad\desktop\kdrucia1.3\assignments\bin\x64\release\jpeg\jpeg.tlog\cl.write.1.tlog
c:\users\bakad\desktop\kdrucia1.3\assignments\bin\x64\release\jpeg\jpeg.tlog\lib-link.read.1.tlog
c:\users\bakad\desktop\kdrucia1.3\assignments\bin\x64\release\jpeg\jpeg.tlog\lib-link.write.1.tlog
c:\users\bakad\desktop\kdrucia1.3\assignments\bin\x64\release\jpeg\jpeg.tlog\lib.command.1.tlog
